C:\USERS\ADMINISTRATOR\MAZE_GENERATOR\MAZE\MAZE\DEBUG\MAZEGENERATOR.OBJ
C:\USERS\ADMINISTRATOR\MAZE_GENERATOR\MAZE\MAZE\DEBUG\VC110.PDB
C:\USERS\ADMINISTRATOR\MAZE_GENERATOR\MAZE\DEBUG\MAZE.ILK
C:\USERS\ADMINISTRATOR\MAZE_GENERATOR\MAZE\DEBUG\MAZE.EXE
C:\USERS\ADMINISTRATOR\MAZE_GENERATOR\MAZE\DEBUG\MAZE.PDB
C:\Users\Administrator\Maze_Generator\Maze\Maze\Debug\MazeGenerator.obj
C:\Users\Administrator\Maze_Generator\Maze\Maze\Debug\cl.command.1.tlog
C:\Users\Administrator\Maze_Generator\Maze\Maze\Debug\CL.read.1.tlog
C:\Users\Administrator\Maze_Generator\Maze\Maze\Debug\CL.write.1.tlog
C:\Users\Administrator\Maze_Generator\Maze\Maze\Debug\link-cvtres.read.1.tlog
C:\Users\Administrator\Maze_Generator\Maze\Maze\Debug\link-cvtres.write.1.tlog
C:\Users\Administrator\Maze_Generator\Maze\Maze\Debug\link-rc.read.1.tlog
C:\Users\Administrator\Maze_Generator\Maze\Maze\Debug\link-rc.write.1.tlog
C:\Users\Administrator\Maze_Generator\Maze\Maze\Debug\link.command.1.tlog
C:\Users\Administrator\Maze_Generator\Maze\Maze\Debug\link.read.1.tlog
C:\Users\Administrator\Maze_Generator\Maze\Maze\Debug\link.write.1.tlog
C:\Users\Administrator\Maze_Generator\Maze\Maze\Debug\vc110.idb
C:\Users\Administrator\Maze_Generator\Maze\Maze\Debug\vc110.pdb
C:\Users\Administrator\Maze_Generator\Maze\Debug\Maze.pdb
C:\Users\Administrator\Maze_Generator\Maze\Debug\Maze.exe
C:\Users\Administrator\Maze_Generator\Maze\Debug\Maze.ilk
